2025-03-18T12:01:02.631+03:00  INFO 21177 --- [mvc.shopfinity] [restartedMain] c.bilgedam.mvc.shopfinity.Application    : Starting Application using Java 18.0.1.1 with PID 21177 (/Users/dilara/eclipse-workspace/mvc.shopfinity/target/classes started by dilara in /Users/dilara/eclipse-workspace/mvc.shopfinity)
2025-03-18T12:01:02.646+03:00  INFO 21177 --- [mvc.shopfinity] [restartedMain] c.bilgedam.mvc.shopfinity.Application    : No active profile set, falling back to 1 default profile: "default"
2025-03-18T12:01:02.791+03:00  INFO 21177 --- [mvc.shopfinity] [restartedMain] .e.DevToolsPropertyDefaultsPostProcessor : Devtools property defaults active! Set 'spring.devtools.add-properties' to 'false' to disable
2025-03-18T12:01:02.792+03:00  INFO 21177 --- [mvc.shopfinity] [restartedMain] .e.DevToolsPropertyDefaultsPostProcessor : For additional web related logging consider setting the 'logging.level.web' property to 'DEBUG'
2025-03-18T12:01:04.421+03:00  INFO 21177 --- [mvc.shopfinity] [restartedMain] .s.d.r.c.RepositoryConfigurationDelegate : Bootstrapping Spring Data JPA repositories in DEFAULT mode.
2025-03-18T12:01:04.605+03:00  INFO 21177 --- [mvc.shopfinity] [restartedMain] .s.d.r.c.RepositoryConfigurationDelegate : Finished Spring Data repository scanning in 166 ms. Found 4 JPA repository interfaces.
2025-03-18T12:01:05.930+03:00  INFO 21177 --- [mvc.shopfinity] [restartedMain] o.s.b.w.embedded.tomcat.TomcatWebServer  : Tomcat initialized with port 8080 (http)
2025-03-18T12:01:05.947+03:00  INFO 21177 --- [mvc.shopfinity] [restartedMain] o.apache.catalina.core.StandardService   : Starting service [Tomcat]
2025-03-18T12:01:05.948+03:00  INFO 21177 --- [mvc.shopfinity] [restartedMain] o.apache.catalina.core.StandardEngine    : Starting Servlet engine: [Apache Tomcat/10.1.36]
2025-03-18T12:01:06.003+03:00  INFO 21177 --- [mvc.shopfinity] [restartedMain] o.a.c.c.C.[Tomcat].[localhost].[/]       : Initializing Spring embedded WebApplicationContext
2025-03-18T12:01:06.003+03:00  INFO 21177 --- [mvc.shopfinity] [restartedMain] w.s.c.ServletWebServerApplicationContext : Root WebApplicationContext: initialization completed in 3208 ms
2025-03-18T12:01:06.335+03:00  INFO 21177 --- [mvc.shopfinity] [restartedMain] o.hibernate.jpa.internal.util.LogHelper  : HHH000204: Processing PersistenceUnitInfo [name: default]
2025-03-18T12:01:06.385+03:00  INFO 21177 --- [mvc.shopfinity] [restartedMain] org.hibernate.Version                    : HHH000412: Hibernate ORM core version 6.6.8.Final
2025-03-18T12:01:06.422+03:00  INFO 21177 --- [mvc.shopfinity] [restartedMain] o.h.c.internal.RegionFactoryInitiator    : HHH000026: Second-level cache disabled
2025-03-18T12:01:06.791+03:00  INFO 21177 --- [mvc.shopfinity] [restartedMain] o.s.o.j.p.SpringPersistenceUnitInfo      : No LoadTimeWeaver setup: ignoring JPA class transformer
2025-03-18T12:01:06.825+03:00  INFO 21177 --- [mvc.shopfinity] [restartedMain] com.zaxxer.hikari.HikariDataSource       : HikariPool-1 - Starting...
2025-03-18T12:01:07.071+03:00  INFO 21177 --- [mvc.shopfinity] [restartedMain] com.zaxxer.hikari.pool.HikariPool        : HikariPool-1 - Added connection org.postgresql.jdbc.PgConnection@3a0634f7
2025-03-18T12:01:07.073+03:00  INFO 21177 --- [mvc.shopfinity] [restartedMain] com.zaxxer.hikari.HikariDataSource       : HikariPool-1 - Start completed.
2025-03-18T12:01:07.115+03:00  WARN 21177 --- [mvc.shopfinity] [restartedMain] org.hibernate.orm.deprecation            : HHH90000025: PostgreSQLDialect does not need to be specified explicitly using 'hibernate.dialect' (remove the property setting and it will be selected by default)
2025-03-18T12:01:07.161+03:00  INFO 21177 --- [mvc.shopfinity] [restartedMain] org.hibernate.orm.connections.pooling    : HHH10001005: Database info:
	Database JDBC URL [Connecting through datasource 'HikariDataSource (HikariPool-1)']
	Database driver: undefined/unknown
	Database version: 16.0
	Autocommit mode: undefined/unknown
	Isolation level: undefined/unknown
	Minimum pool size: undefined/unknown
	Maximum pool size: undefined/unknown
2025-03-18T12:01:08.486+03:00  INFO 21177 --- [mvc.shopfinity] [restartedMain] o.h.e.t.j.p.i.JtaPlatformInitiator       : HHH000489: No JTA platform available (set 'hibernate.transaction.jta.platform' to enable JTA platform integration)
2025-03-18T12:01:08.769+03:00  INFO 21177 --- [mvc.shopfinity] [restartedMain] j.LocalContainerEntityManagerFactoryBean : Initialized JPA EntityManagerFactory for persistence unit 'default'
2025-03-18T12:01:09.299+03:00  INFO 21177 --- [mvc.shopfinity] [restartedMain] o.s.d.j.r.query.QueryEnhancerFactory     : Hibernate is in classpath; If applicable, HQL parser will be used.
2025-03-18T12:01:10.139+03:00  WARN 21177 --- [mvc.shopfinity] [restartedMain] JpaBaseConfiguration$JpaWebConfiguration : spring.jpa.open-in-view is enabled by default. Therefore, database queries may be performed during view rendering. Explicitly configure spring.jpa.open-in-view to disable this warning
2025-03-18T12:01:10.174+03:00  INFO 21177 --- [mvc.shopfinity] [restartedMain] r$InitializeUserDetailsManagerConfigurer : Global AuthenticationManager configured with UserDetailsService bean with name userService
2025-03-18T12:01:10.258+03:00  INFO 21177 --- [mvc.shopfinity] [restartedMain] o.s.b.a.w.s.WelcomePageHandlerMapping    : Adding welcome page template: index
2025-03-18T12:01:11.346+03:00  INFO 21177 --- [mvc.shopfinity] [restartedMain] o.s.b.d.a.OptionalLiveReloadServer       : LiveReload server is running on port 35729
2025-03-18T12:01:11.407+03:00  INFO 21177 --- [mvc.shopfinity] [restartedMain] o.s.b.w.embedded.tomcat.TomcatWebServer  : Tomcat started on port 8080 (http) with context path '/'
2025-03-18T12:01:11.425+03:00  INFO 21177 --- [mvc.shopfinity] [restartedMain] c.bilgedam.mvc.shopfinity.Application    : Started Application in 9.633 seconds (process running for 10.487)
2025-03-18T12:01:19.515+03:00  INFO 21177 --- [mvc.shopfinity] [http-nio-8080-exec-1] o.a.c.c.C.[Tomcat].[localhost].[/]       : Initializing Spring DispatcherServlet 'dispatcherServlet'
2025-03-18T12:01:19.515+03:00  INFO 21177 --- [mvc.shopfinity] [http-nio-8080-exec-1] o.s.web.servlet.DispatcherServlet        : Initializing Servlet 'dispatcherServlet'
2025-03-18T12:01:19.516+03:00  INFO 21177 --- [mvc.shopfinity] [http-nio-8080-exec-1] o.s.web.servlet.DispatcherServlet        : Completed initialization in 0 ms
2025-03-18T12:01:36.040+03:00  INFO 21177 --- [mvc.shopfinity] [SpringApplicationShutdownHook] o.s.b.w.e.tomcat.GracefulShutdown        : Commencing graceful shutdown. Waiting for active requests to complete
2025-03-18T12:01:36.053+03:00  INFO 21177 --- [mvc.shopfinity] [tomcat-shutdown] o.s.b.w.e.tomcat.GracefulShutdown        : Graceful shutdown complete
2025-03-18T12:01:36.067+03:00  INFO 21177 --- [mvc.shopfinity] [SpringApplicationShutdownHook] j.LocalContainerEntityManagerFactoryBean : Closing JPA EntityManagerFactory for persistence unit 'default'
2025-03-18T12:01:36.082+03:00  INFO 21177 --- [mvc.shopfinity] [SpringApplicationShutdownHook] com.zaxxer.hikari.HikariDataSource       : HikariPool-1 - Shutdown initiated...
2025-03-18T12:01:36.089+03:00  INFO 21177 --- [mvc.shopfinity] [SpringApplicationShutdownHook] com.zaxxer.hikari.HikariDataSource       : HikariPool-1 - Shutdown completed.
